<?xml version="1.0" encoding="UTF-8"?>
<testng-results ignored="0" total="1" passed="1" failed="0" skipped="0">
  <reporter-output>
  </reporter-output>
  <suite started-at="2023-04-02T18:30:49Z" name="Default suite" finished-at="2023-04-02T18:31:15Z" duration-ms="26167">
    <groups>
    </groups>
    <test started-at="2023-04-02T18:30:49Z" name="Default test" finished-at="2023-04-02T18:31:15Z" duration-ms="26167">
      <class name="iosdemo.Tests">
        <test-method is-config="true" signature="setUp()[pri:0, instance:iosdemo.Tests@636e8cc]" started-at="2023-04-02T18:30:49Z" name="setUp" finished-at="2023-04-02T18:30:49Z" duration-ms="40" status="PASS">
          <reporter-output>
          </reporter-output>
        </test-method> <!-- setUp -->
        <test-method is-config="true" signature="setup()[pri:0, instance:iosdemo.Tests@636e8cc]" started-at="2023-04-02T18:30:49Z" name="setup" finished-at="2023-04-02T18:30:51Z" duration-ms="2034" status="PASS">
          <reporter-output>
          </reporter-output>
        </test-method> <!-- setup -->
        <test-method signature="testTwo()[pri:0, instance:iosdemo.Tests@636e8cc]" started-at="2023-04-02T18:30:51Z" name="testTwo" finished-at="2023-04-02T18:31:15Z" duration-ms="24067" status="PASS">
          <reporter-output>
          </reporter-output>
        </test-method> <!-- testTwo -->
        <test-method is-config="true" signature="teardown()[pri:0, instance:iosdemo.Tests@636e8cc]" started-at="2023-04-02T18:31:15Z" name="teardown" finished-at="2023-04-02T18:31:15Z" duration-ms="1" status="PASS">
          <reporter-output>
          </reporter-output>
        </test-method> <!-- teardown -->
        <test-method is-config="true" signature="tearDown()[pri:0, instance:iosdemo.Tests@636e8cc]" started-at="2023-04-02T18:31:16Z" name="tearDown" finished-at="2023-04-02T18:31:16Z" duration-ms="98" status="PASS">
          <reporter-output>
          </reporter-output>
        </test-method> <!-- tearDown -->
      </class> <!-- iosdemo.Tests -->
    </test> <!-- Default test -->
  </suite> <!-- Default suite -->
</testng-results>
